BACKEND ENTRY FILE EXECUTING
REGISTERING /auth ROUTES
TasteTrails backend server running on http://0.0.0.0:8787 (all interfaces)
INCOMING REQUEST: GET /api/nearby-restaurants
INCOMING REQUEST: GET /api/follow-requests
[ALIVE] Server heartbeat at 2026-02-12T14:43:38.600Z
[ALIVE] Server heartbeat at 2026-02-12T14:43:48.612Z
[ALIVE] Server heartbeat at 2026-02-12T14:43:58.620Z
[ALIVE] Server heartbeat at 2026-02-12T14:44:08.632Z
[ALIVE] Server heartbeat at 2026-02-12T14:44:18.632Z
[ALIVE] Server heartbeat at 2026-02-12T14:44:28.645Z
[ALIVE] Server heartbeat at 2026-02-12T14:44:38.658Z
[ALIVE] Server heartbeat at 2026-02-12T14:44:48.663Z
[ALIVE] Server heartbeat at 2026-02-12T14:44:58.677Z
[ALIVE] Server heartbeat at 2026-02-12T14:45:08.678Z
[ALIVE] Server heartbeat at 2026-02-12T14:45:18.692Z
[ALIVE] Server heartbeat at 2026-02-12T14:45:28.693Z
[ALIVE] Server heartbeat at 2026-02-12T14:45:38.700Z
[ALIVE] Server heartbeat at 2026-02-12T14:45:48.705Z
INCOMING REQUEST: POST /auth/login
LOGIN ROUTE HIT
INCOMING REQUEST: GET /api/follow-requests
INCOMING REQUEST: GET /api/follow-requests
INCOMING REQUEST: GET /api/nearby-restaurants
[ALIVE] Server heartbeat at 2026-02-12T14:45:58.717Z
[ALIVE] Server heartbeat at 2026-02-12T14:46:08.721Z
INCOMING REQUEST: GET /api/follow-requests
[ALIVE] Server heartbeat at 2026-02-12T14:46:18.725Z
INCOMING REQUEST: GET /api/follow-requests
INCOMING REQUEST: GET /api/follow-requests
[ALIVE] Server heartbeat at 2026-02-12T14:46:28.736Z
INCOMING REQUEST: GET /api/follow-requests
INCOMING REQUEST: GET /api/follow-requests
[ALIVE] Server heartbeat at 2026-02-12T14:46:38.741Z
INCOMING REQUEST: GET /api/follow-requests
INCOMING REQUEST: GET /api/follow-requests
[ALIVE] Server heartbeat at 2026-02-12T14:46:48.755Z
INCOMING REQUEST: GET /api/follow-requests
INCOMING REQUEST: GET /api/follow-requests
[ALIVE] Server heartbeat at 2026-02-12T14:46:58.769Z
INCOMING REQUEST: GET /api/follow-requests
INCOMING REQUEST: GET /api/follow-requests
[ALIVE] Server heartbeat at 2026-02-12T14:47:08.775Z
INCOMING REQUEST: GET /api/follow-requests
INCOMING REQUEST: GET /api/follow-requests
[ALIVE] Server heartbeat at 2026-02-12T14:47:18.785Z
INCOMING REQUEST: GET /api/follow-requests
INCOMING REQUEST: GET /api/follow-requests
[ALIVE] Server heartbeat at 2026-02-12T14:47:28.799Z
INCOMING REQUEST: GET /api/follow-requests
INCOMING REQUEST: GET /api/follow-requests
[ALIVE] Server heartbeat at 2026-02-12T14:47:38.800Z
INCOMING REQUEST: GET /api/follow-requests
INCOMING REQUEST: GET /api/follow-requests
INCOMING REQUEST: GET /api/follow-requests
[ALIVE] Server heartbeat at 2026-02-12T14:47:48.801Z
INCOMING REQUEST: GET /api/follow-requests
INCOMING REQUEST: GET /api/follow-requests
[ALIVE] Server heartbeat at 2026-02-12T14:47:58.801Z
INCOMING REQUEST: GET /api/follow-requests
[ALIVE] Server heartbeat at 2026-02-12T14:48:08.806Z
INCOMING REQUEST: GET /api/follow-requests
INCOMING REQUEST: GET /api/follow-requests
INCOMING REQUEST: GET /api/follow-requests
[ALIVE] Server heartbeat at 2026-02-12T14:48:18.807Z
INCOMING REQUEST: GET /api/follow-requests
INCOMING REQUEST: GET /api/follow-requests
[ALIVE] Server heartbeat at 2026-02-12T14:48:28.808Z
INCOMING REQUEST: GET /api/follow-requests
INCOMING REQUEST: GET /api/follow-requests
[ALIVE] Server heartbeat at 2026-02-12T14:48:38.822Z
INCOMING REQUEST: GET /api/follow-requests
INCOMING REQUEST: GET /api/follow-requests
[ALIVE] Server heartbeat at 2026-02-12T14:48:48.829Z
INCOMING REQUEST: GET /api/follow-requests
INCOMING REQUEST: GET /api/follow-requests
[ALIVE] Server heartbeat at 2026-02-12T14:48:58.830Z
INCOMING REQUEST: GET /auth/me
INCOMING REQUEST: GET /auth/me
INCOMING REQUEST: POST /auth/login
LOGIN ROUTE HIT
INCOMING REQUEST: GET /api/follow-requests
INCOMING REQUEST: GET /api/follow-requests
INCOMING REQUEST: GET /api/follow-requests
INCOMING REQUEST: GET /api/nearby-restaurants
INCOMING REQUEST: GET /api/follow-requests
[ALIVE] Server heartbeat at 2026-02-12T14:49:08.830Z
INCOMING REQUEST: GET /api/follow-requests
INCOMING REQUEST: GET /api/follow-requests
INCOMING REQUEST: GET /api/follow-requests
INCOMING REQUEST: GET /api/follow-requests
[ALIVE] Server heartbeat at 2026-02-12T14:49:18.837Z
INCOMING REQUEST: GET /api/follow-requests
INCOMING REQUEST: GET /api/nearby-restaurants
INCOMING REQUEST: GET /api/follow-requests
INCOMING REQUEST: GET /api/follow-requests
INCOMING REQUEST: GET /api/follow-requests
[ALIVE] Server heartbeat at 2026-02-12T14:49:28.852Z
INCOMING REQUEST: GET /api/follow-requests
INCOMING REQUEST: GET /api/follow-requests
INCOMING REQUEST: GET /api/follow-requests
INCOMING REQUEST: GET /api/follow-requests
[ALIVE] Server heartbeat at 2026-02-12T14:49:38.861Z
INCOMING REQUEST: GET /api/follow-requests
INCOMING REQUEST: GET /api/follow-requests
INCOMING REQUEST: GET /api/follow-requests
INCOMING REQUEST: GET /api/follow-requests
[ALIVE] Server heartbeat at 2026-02-12T14:49:48.872Z
INCOMING REQUEST: GET /api/follow-requests
INCOMING REQUEST: GET /api/follow-requests
INCOMING REQUEST: GET /api/follow-requests
INCOMING REQUEST: GET /api/follow-requests
[ALIVE] Server heartbeat at 2026-02-12T14:49:58.883Z
INCOMING REQUEST: GET /api/follow-requests
INCOMING REQUEST: GET /api/follow-requests
INCOMING REQUEST: GET /api/follow-requests
[ALIVE] Server heartbeat at 2026-02-12T14:50:08.885Z
INCOMING REQUEST: GET /api/follow-requests
INCOMING REQUEST: GET /api/follow-requests
INCOMING REQUEST: GET /api/follow-requests
[ALIVE] Server heartbeat at 2026-02-12T14:50:18.899Z
INCOMING REQUEST: GET /api/follow-requests
INCOMING REQUEST: GET /api/follow-requests
[ALIVE] Server heartbeat at 2026-02-12T14:50:28.909Z
INCOMING REQUEST: GET /api/follow-requests
INCOMING REQUEST: GET /api/follow-requests
INCOMING REQUEST: GET /api/nearby-restaurants
[ALIVE] Server heartbeat at 2026-02-12T14:50:38.914Z
INCOMING REQUEST: GET /api/follow-requests
INCOMING REQUEST: GET /api/follow-requests
[ALIVE] Server heartbeat at 2026-02-12T14:50:48.922Z
INCOMING REQUEST: GET /api/follow-requests
INCOMING REQUEST: GET /api/follow-requests
INCOMING REQUEST: GET /api/follow-requests
[ALIVE] Server heartbeat at 2026-02-12T14:50:58.936Z
INCOMING REQUEST: GET /api/follow-requests
INCOMING REQUEST: GET /api/follow-requests
[ALIVE] Server heartbeat at 2026-02-12T14:51:08.949Z
INCOMING REQUEST: GET /api/follow-requests
INCOMING REQUEST: GET /api/follow-requests
INCOMING REQUEST: GET /api/follow-requests
[ALIVE] Server heartbeat at 2026-02-12T14:51:18.963Z
INCOMING REQUEST: GET /api/follow-requests
INCOMING REQUEST: GET /api/follow-requests
[ALIVE] Server heartbeat at 2026-02-12T14:51:28.966Z
INCOMING REQUEST: GET /api/follow-requests
INCOMING REQUEST: GET /api/follow-requests
[ALIVE] Server heartbeat at 2026-02-12T14:51:38.975Z
[ALIVE] Server heartbeat at 2026-02-12T14:51:48.984Z
[ALIVE] Server heartbeat at 2026-02-12T14:51:58.986Z
[ALIVE] Server heartbeat at 2026-02-12T14:52:08.994Z
INCOMING REQUEST: GET /api/follow-requests
INCOMING REQUEST: GET /api/follow-requests
[ALIVE] Server heartbeat at 2026-02-12T14:52:18.998Z
[ALIVE] Server heartbeat at 2026-02-12T14:52:29.003Z
[ALIVE] Server heartbeat at 2026-02-12T14:52:39.007Z
[ALIVE] Server heartbeat at 2026-02-12T14:52:49.019Z
[ALIVE] Server heartbeat at 2026-02-12T14:52:59.024Z
[ALIVE] Server heartbeat at 2026-02-12T14:53:09.037Z
INCOMING REQUEST: GET /api/follow-requests
INCOMING REQUEST: GET /api/follow-requests
[ALIVE] Server heartbeat at 2026-02-12T14:53:19.039Z
[ALIVE] Server heartbeat at 2026-02-12T14:53:29.041Z
[ALIVE] Server heartbeat at 2026-02-12T14:53:39.051Z
[ALIVE] Server heartbeat at 2026-02-12T14:53:49.056Z
[ALIVE] Server heartbeat at 2026-02-12T14:53:59.068Z
INCOMING REQUEST: GET /api/nearby-restaurants
[ALIVE] Server heartbeat at 2026-02-12T14:54:09.075Z
INCOMING REQUEST: GET /api/follow-requests
INCOMING REQUEST: GET /api/follow-requests
[ALIVE] Server heartbeat at 2026-02-12T14:54:19.085Z
[ALIVE] Server heartbeat at 2026-02-12T14:54:29.088Z
[ALIVE] Server heartbeat at 2026-02-12T14:54:39.095Z
[ALIVE] Server heartbeat at 2026-02-12T14:54:49.110Z
INCOMING REQUEST: GET /api/nearby-restaurants
[ALIVE] Server heartbeat at 2026-02-12T14:54:59.121Z
[ALIVE] Server heartbeat at 2026-02-12T14:55:09.125Z
INCOMING REQUEST: GET /api/follow-requests
INCOMING REQUEST: GET /api/follow-requests
[ALIVE] Server heartbeat at 2026-02-12T14:55:19.136Z
[ALIVE] Server heartbeat at 2026-02-12T14:55:29.137Z
[ALIVE] Server heartbeat at 2026-02-12T14:55:39.145Z
[ALIVE] Server heartbeat at 2026-02-12T14:55:49.147Z
[ALIVE] Server heartbeat at 2026-02-12T14:55:59.158Z
[ALIVE] Server heartbeat at 2026-02-12T14:56:09.160Z
INCOMING REQUEST: GET /api/follow-requests
INCOMING REQUEST: GET /api/follow-requests
[ALIVE] Server heartbeat at 2026-02-12T14:56:19.170Z
[ALIVE] Server heartbeat at 2026-02-12T14:56:29.185Z
[ALIVE] Server heartbeat at 2026-02-12T14:56:39.193Z
[ALIVE] Server heartbeat at 2026-02-12T14:56:49.197Z
[ALIVE] Server heartbeat at 2026-02-12T14:56:59.199Z
[ALIVE] Server heartbeat at 2026-02-12T14:57:09.204Z
INCOMING REQUEST: GET /api/follow-requests
INCOMING REQUEST: GET /api/follow-requests
[ALIVE] Server heartbeat at 2026-02-12T14:57:19.208Z
[ALIVE] Server heartbeat at 2026-02-12T14:57:29.212Z
[ALIVE] Server heartbeat at 2026-02-12T14:57:39.218Z
[ALIVE] Server heartbeat at 2026-02-12T14:57:49.225Z
[ALIVE] Server heartbeat at 2026-02-12T14:57:59.227Z
[ALIVE] Server heartbeat at 2026-02-12T14:58:09.228Z
INCOMING REQUEST: GET /api/follow-requests
INCOMING REQUEST: GET /api/follow-requests
[ALIVE] Server heartbeat at 2026-02-12T14:58:19.240Z
[ALIVE] Server heartbeat at 2026-02-12T14:58:29.254Z
[ALIVE] Server heartbeat at 2026-02-12T14:58:39.267Z
[ALIVE] Server heartbeat at 2026-02-12T14:58:49.276Z
[ALIVE] Server heartbeat at 2026-02-12T14:58:59.278Z
[ALIVE] Server heartbeat at 2026-02-12T14:59:09.284Z
INCOMING REQUEST: GET /api/follow-requests
INCOMING REQUEST: GET /api/follow-requests
[ALIVE] Server heartbeat at 2026-02-12T14:59:19.288Z
[ALIVE] Server heartbeat at 2026-02-12T14:59:29.292Z
[ALIVE] Server heartbeat at 2026-02-12T14:59:39.299Z
[ALIVE] Server heartbeat at 2026-02-12T14:59:49.314Z
[ALIVE] Server heartbeat at 2026-02-12T14:59:59.326Z
[ALIVE] Server heartbeat at 2026-02-12T15:00:09.332Z
INCOMING REQUEST: GET /api/follow-requests
INCOMING REQUEST: GET /api/follow-requests
[ALIVE] Server heartbeat at 2026-02-12T15:00:19.338Z
[ALIVE] Server heartbeat at 2026-02-12T15:00:29.349Z
[ALIVE] Server heartbeat at 2026-02-12T15:00:39.363Z
[ALIVE] Server heartbeat at 2026-02-12T15:00:49.364Z
[ALIVE] Server heartbeat at 2026-02-12T15:00:59.369Z
[ALIVE] Server heartbeat at 2026-02-12T15:01:09.380Z
INCOMING REQUEST: GET /api/follow-requests
INCOMING REQUEST: GET /api/follow-requests
[ALIVE] Server heartbeat at 2026-02-12T15:01:19.388Z
[ALIVE] Server heartbeat at 2026-02-12T15:01:29.400Z
[ALIVE] Server heartbeat at 2026-02-12T15:01:39.412Z
[ALIVE] Server heartbeat at 2026-02-12T15:01:49.426Z
[ALIVE] Server heartbeat at 2026-02-12T15:01:59.434Z
[ALIVE] Server heartbeat at 2026-02-12T15:02:09.446Z
INCOMING REQUEST: GET /api/follow-requests
INCOMING REQUEST: GET /api/follow-requests
[ALIVE] Server heartbeat at 2026-02-12T15:02:19.460Z
[ALIVE] Server heartbeat at 2026-02-12T15:02:29.469Z
[ALIVE] Server heartbeat at 2026-02-12T15:02:39.475Z
[ALIVE] Server heartbeat at 2026-02-12T15:02:49.476Z
[ALIVE] Server heartbeat at 2026-02-12T15:02:59.491Z
[ALIVE] Server heartbeat at 2026-02-12T15:03:09.498Z
INCOMING REQUEST: GET /api/follow-requests
INCOMING REQUEST: GET /api/follow-requests
[ALIVE] Server heartbeat at 2026-02-12T15:03:19.511Z
[ALIVE] Server heartbeat at 2026-02-12T15:03:29.515Z
[ALIVE] Server heartbeat at 2026-02-12T15:03:39.519Z
[ALIVE] Server heartbeat at 2026-02-12T15:03:49.529Z
[ALIVE] Server heartbeat at 2026-02-12T15:03:59.538Z
[ALIVE] Server heartbeat at 2026-02-12T15:04:09.552Z
INCOMING REQUEST: GET /api/follow-requests
INCOMING REQUEST: GET /api/follow-requests
[ALIVE] Server heartbeat at 2026-02-12T15:04:19.559Z
[ALIVE] Server heartbeat at 2026-02-12T15:04:29.565Z
[ALIVE] Server heartbeat at 2026-02-12T15:04:39.569Z
[ALIVE] Server heartbeat at 2026-02-12T15:04:49.573Z
[ALIVE] Server heartbeat at 2026-02-12T15:04:59.585Z
[ALIVE] Server heartbeat at 2026-02-12T15:05:09.595Z
INCOMING REQUEST: GET /api/follow-requests
INCOMING REQUEST: GET /api/follow-requests
[ALIVE] Server heartbeat at 2026-02-12T15:05:19.600Z
[ALIVE] Server heartbeat at 2026-02-12T15:05:29.615Z
[ALIVE] Server heartbeat at 2026-02-12T15:05:39.625Z
[ALIVE] Server heartbeat at 2026-02-12T15:05:49.625Z
[ALIVE] Server heartbeat at 2026-02-12T15:05:59.632Z
[ALIVE] Server heartbeat at 2026-02-12T15:06:09.639Z
INCOMING REQUEST: GET /api/follow-requests
INCOMING REQUEST: GET /api/follow-requests
[ALIVE] Server heartbeat at 2026-02-12T15:06:19.650Z
[ALIVE] Server heartbeat at 2026-02-12T15:06:29.661Z
[ALIVE] Server heartbeat at 2026-02-12T15:06:39.674Z
[ALIVE] Server heartbeat at 2026-02-12T15:06:49.680Z
[ALIVE] Server heartbeat at 2026-02-12T15:06:59.685Z
[ALIVE] Server heartbeat at 2026-02-12T15:07:09.691Z
INCOMING REQUEST: GET /api/follow-requests
INCOMING REQUEST: GET /api/follow-requests
[ALIVE] Server heartbeat at 2026-02-12T15:07:19.695Z
[ALIVE] Server heartbeat at 2026-02-12T15:07:29.699Z
[ALIVE] Server heartbeat at 2026-02-12T15:07:39.701Z
[ALIVE] Server heartbeat at 2026-02-12T15:07:49.700Z
[ALIVE] Server heartbeat at 2026-02-12T15:07:59.704Z
[ALIVE] Server heartbeat at 2026-02-12T15:08:09.710Z
INCOMING REQUEST: GET /api/follow-requests
INCOMING REQUEST: GET /api/follow-requests
[ALIVE] Server heartbeat at 2026-02-12T15:08:19.717Z
[ALIVE] Server heartbeat at 2026-02-12T15:08:29.731Z
[ALIVE] Server heartbeat at 2026-02-12T15:08:39.742Z
[ALIVE] Server heartbeat at 2026-02-12T15:08:49.747Z
[ALIVE] Server heartbeat at 2026-02-12T15:08:59.750Z
[ALIVE] Server heartbeat at 2026-02-12T15:09:09.755Z
INCOMING REQUEST: GET /api/follow-requests
INCOMING REQUEST: GET /api/follow-requests
[ALIVE] Server heartbeat at 2026-02-12T15:09:19.760Z
[ALIVE] Server heartbeat at 2026-02-12T15:09:29.773Z
[ALIVE] Server heartbeat at 2026-02-12T15:09:39.773Z
[ALIVE] Server heartbeat at 2026-02-12T15:09:49.775Z
[ALIVE] Server heartbeat at 2026-02-12T15:09:59.783Z
[ALIVE] Server heartbeat at 2026-02-12T15:10:09.783Z
INCOMING REQUEST: GET /api/follow-requests
INCOMING REQUEST: GET /api/follow-requests
[ALIVE] Server heartbeat at 2026-02-12T15:10:19.786Z
[ALIVE] Server heartbeat at 2026-02-12T15:10:29.796Z
[ALIVE] Server heartbeat at 2026-02-12T15:10:39.799Z
[ALIVE] Server heartbeat at 2026-02-12T15:10:49.814Z
[ALIVE] Server heartbeat at 2026-02-12T15:10:59.825Z
[ALIVE] Server heartbeat at 2026-02-12T15:11:09.826Z
INCOMING REQUEST: GET /api/follow-requests
INCOMING REQUEST: GET /api/follow-requests
[ALIVE] Server heartbeat at 2026-02-12T15:11:19.842Z
[ALIVE] Server heartbeat at 2026-02-12T15:11:29.853Z
